<?xml version="1.0" encoding="UTF-8"?>
<!-- Generated by org.testng.reporters.JUnitReportReporter -->
<testsuite hostname="IT1806226" failures="0" tests="11" name="com.runner.RunnerFile" time="360.982" errors="0" timestamp="2022-05-23T22:38:46 IST" skipped="0">
  <testcase classname="com.runner.RunnerFile" name="Scenario" time="38.363"/>
  <system-out/>
  <testcase classname="com.runner.RunnerFile" name="Scenario" time="34.577"/>
  <system-out/>
  <testcase classname="com.runner.RunnerFile" name="Scenario" time="43.033"/>
  <system-out/>
  <testcase classname="com.runner.RunnerFile" name="Scenario" time="17.242"/>
  <system-out/>
  <testcase classname="com.runner.RunnerFile" name="Scenario" time="19.303"/>
  <system-out/>
  <testcase classname="com.runner.RunnerFile" name="Scenario" time="37.065"/>
  <system-out/>
  <testcase classname="com.runner.RunnerFile" name="Scenario" time="30.083"/>
  <system-out/>
  <testcase classname="com.runner.RunnerFile" name="Scenario" time="44.903"/>
  <system-out/>
  <testcase classname="com.runner.RunnerFile" name="Scenario" time="29.144"/>
  <system-out/>
  <testcase classname="com.runner.RunnerFile" name="Scenario" time="30.345"/>
  <system-out/>
  <testcase classname="com.runner.RunnerFile" name="Scenario" time="36.924"/>
  <system-out/>
</testsuite> <!-- com.runner.RunnerFile -->
